C:\USERS\USER\DOCUMENTS\VISUAL STUDIO 2012\PROJECTS\FCU_SW_BACKUP_220316\FCU_SW\RELEASE\FCU_SW.PCH
C:\USERS\USER\DOCUMENTS\VISUAL STUDIO 2012\PROJECTS\FCU_SW_BACKUP_220316\FCU_SW\RELEASE\STDAFX.OBJ
C:\USERS\USER\DOCUMENTS\VISUAL STUDIO 2012\PROJECTS\FCU_SW_BACKUP_220316\FCU_SW\RELEASE\VC110.PDB
C:\USERS\USER\DOCUMENTS\VISUAL STUDIO 2012\PROJECTS\FCU_SW_BACKUP_220316\FCU_SW\RELEASE\FCU_SWDLG.OBJ
C:\USERS\USER\DOCUMENTS\VISUAL STUDIO 2012\PROJECTS\FCU_SW_BACKUP_220316\FCU_SW\RELEASE\FCU_SW.OBJ
C:\USERS\USER\DOCUMENTS\VISUAL STUDIO 2012\PROJECTS\FCU_SW_BACKUP_220316\FCU_SW\RELEASE\FCU_MODE_SELECT.OBJ
C:\USERS\USER\DOCUMENTS\VISUAL STUDIO 2012\PROJECTS\FCU_SW_BACKUP_220316\FCU_SW\RELEASE\FCU_ATK_MODE_CMD.OBJ
C:\USERS\USER\DOCUMENTS\VISUAL STUDIO 2012\PROJECTS\FCU_SW_BACKUP_220316\FCU_SW\RELEASE\DLGPROXY.OBJ
C:\USERS\USER\DOCUMENTS\VISUAL STUDIO 2012\PROJECTS\FCU_SW_BACKUP_220316\FCU_SW\RELEASE\CLIENTSOCKET.OBJ
C:\USERS\USER\DOCUMENTS\VISUAL STUDIO 2012\PROJECTS\FCU_SW_BACKUP_220316\FCU_SW\RELEASE\FCU_SW.TLB
C:\USERS\USER\DOCUMENTS\VISUAL STUDIO 2012\PROJECTS\FCU_SW_BACKUP_220316\FCU_SW\FCU_SW_I.C
C:\USERS\USER\DOCUMENTS\VISUAL STUDIO 2012\PROJECTS\FCU_SW_BACKUP_220316\FCU_SW\FCU_SW_H.H
C:\USERS\USER\DOCUMENTS\VISUAL STUDIO 2012\PROJECTS\FCU_SW_BACKUP_220316\FCU_SW\RELEASE\FCU_SW.RES
C:\Users\User\Documents\Visual Studio 2012\Projects\FCU_SW_Backup_220316\FCU_SW\Release\ClientSocket.obj
C:\Users\User\Documents\Visual Studio 2012\Projects\FCU_SW_Backup_220316\FCU_SW\Release\DlgProxy.obj
C:\Users\User\Documents\Visual Studio 2012\Projects\FCU_SW_Backup_220316\FCU_SW\Release\FCU_ATK_MODE_CMD.obj
C:\Users\User\Documents\Visual Studio 2012\Projects\FCU_SW_Backup_220316\FCU_SW\Release\FCU_MODE_SELECT.obj
C:\Users\User\Documents\Visual Studio 2012\Projects\FCU_SW_Backup_220316\FCU_SW\Release\FCU_SW.obj
C:\Users\User\Documents\Visual Studio 2012\Projects\FCU_SW_Backup_220316\FCU_SW\Release\FCU_SWDlg.obj
C:\Users\User\Documents\Visual Studio 2012\Projects\FCU_SW_Backup_220316\FCU_SW\Release\stdafx.obj
C:\Users\User\Documents\Visual Studio 2012\Projects\FCU_SW_Backup_220316\FCU_SW\Release\FCU_SW.tlb
C:\Users\User\Documents\Visual Studio 2012\Projects\FCU_SW_Backup_220316\FCU_SW\Release\cl.command.1.tlog
C:\Users\User\Documents\Visual Studio 2012\Projects\FCU_SW_Backup_220316\FCU_SW\Release\CL.read.1.tlog
C:\Users\User\Documents\Visual Studio 2012\Projects\FCU_SW_Backup_220316\FCU_SW\Release\CL.write.1.tlog
C:\Users\User\Documents\Visual Studio 2012\Projects\FCU_SW_Backup_220316\FCU_SW\Release\link.command.1.tlog
C:\Users\User\Documents\Visual Studio 2012\Projects\FCU_SW_Backup_220316\FCU_SW\Release\link.read.1.tlog
C:\Users\User\Documents\Visual Studio 2012\Projects\FCU_SW_Backup_220316\FCU_SW\Release\midl-midlc-cl.read.1.tlog
C:\Users\User\Documents\Visual Studio 2012\Projects\FCU_SW_Backup_220316\FCU_SW\Release\midl-midlc-cl.write.1.tlog
C:\Users\User\Documents\Visual Studio 2012\Projects\FCU_SW_Backup_220316\FCU_SW\Release\midl-midlc.read.1.tlog
C:\Users\User\Documents\Visual Studio 2012\Projects\FCU_SW_Backup_220316\FCU_SW\Release\midl-midlc.write.1.tlog
C:\Users\User\Documents\Visual Studio 2012\Projects\FCU_SW_Backup_220316\FCU_SW\Release\midl.command.1.tlog
C:\Users\User\Documents\Visual Studio 2012\Projects\FCU_SW_Backup_220316\FCU_SW\Release\midl.read.1.tlog
C:\Users\User\Documents\Visual Studio 2012\Projects\FCU_SW_Backup_220316\FCU_SW\Release\midl.write.1.tlog
C:\Users\User\Documents\Visual Studio 2012\Projects\FCU_SW_Backup_220316\FCU_SW\Release\rc.command.1.tlog
C:\Users\User\Documents\Visual Studio 2012\Projects\FCU_SW_Backup_220316\FCU_SW\Release\rc.read.1.tlog
C:\Users\User\Documents\Visual Studio 2012\Projects\FCU_SW_Backup_220316\FCU_SW\Release\rc.write.1.tlog
C:\Users\User\Documents\Visual Studio 2012\Projects\FCU_SW_Backup_220316\FCU_SW\Release\FCU_SW.res
C:\Users\User\Documents\Visual Studio 2012\Projects\FCU_SW_Backup_220316\FCU_SW\Release\FCU_SW.pch
C:\Users\User\Documents\Visual Studio 2012\Projects\FCU_SW_Backup_220316\FCU_SW\Release\vc110.pdb
C:\Users\User\Documents\Visual Studio 2012\Projects\FCU_SW_Backup_220316\Release\FCU_SW.exe
